<?xml version="1.0" encoding="utf-8" standalone="no"?>
<!--This file represents the results of running a test suite-->
<test-results name="C:\Users\Spencer\Documents\Visual Studio 2013\Projects\ExercismCSharp\ExercismCSharp\bin\Debug\ExercismCSharp.dll" total="4" errors="0" failures="0" not-run="0" inconclusive="0" ignored="0" skipped="0" invalid="0" date="2014-09-30" time="20:24:33">
  <environment nunit-version="2.6.3.13283" clr-version="2.0.50727.5485" os-version="Microsoft Windows NT 6.1.7601 Service Pack 1" platform="Win32NT" cwd="C:\Users\Spencer\Documents\Visual Studio 2013\Projects\ExercismCSharp\packages\NUnit.Runners.2.6.3\tools" machine-name="SPENCER-PC" user="Spencer" user-domain="Spencer-PC" />
  <culture-info current-culture="en-US" current-uiculture="en-US" />
  <test-suite type="Assembly" name="C:\Users\Spencer\Documents\Visual Studio 2013\Projects\ExercismCSharp\ExercismCSharp\bin\Debug\ExercismCSharp.dll" executed="True" result="Success" success="True" time="0.072" asserts="0">
    <results>
      <test-suite type="TestFixture" name="LeapTest" executed="True" result="Success" success="True" time="0.049" asserts="0">
        <results>
          <test-case name="LeapTest.Invalid_leap_year" executed="True" result="Success" success="True" time="0.026" asserts="1" />
          <test-case name="LeapTest.Turn_of_the_20th_century_is_not_a_leap_year" executed="True" result="Success" success="True" time="0.000" asserts="1" />
          <test-case name="LeapTest.Turn_of_the_25th_century_is_a_leap_year" executed="True" result="Success" success="True" time="0.001" asserts="1" />
          <test-case name="LeapTest.Valid_leap_year" executed="True" result="Success" success="True" time="0.000" asserts="1" />
        </results>
      </test-suite>
    </results>
  </test-suite>
</test-results>